0    [AWT-EventQueue-0] INFO  ca.sqlpower.architect.ArchitectUtils  - Log4J configured successfully
624  [AWT-EventQueue-0] INFO  ca.sqlpower.sql.PlDotIni  - Beginning to read/merge new pl.ini data
685  [AWT-EventQueue-0] INFO  ca.sqlpower.sql.PlDotIni  - Finished reading file.
686  [AWT-EventQueue-0] INFO  ca.sqlpower.sql.PlDotIni  - Beginning to read/merge new pl.ini data
735  [AWT-EventQueue-0] INFO  ca.sqlpower.sql.PlDotIni  - Finished reading file.
3166 [Thread-5] ERROR ca.sqlpower.architect.swingui.action.CheckForUpdateAction  - Fail to retrieve current version number!
2726979 [AWT-EventQueue-0] INFO  ca.sqlpower.architect.swingui.PlayPen  - Drop: I am over dtde=java.awt.dnd.DropTargetDropEvent[source=java.awt.dnd.DropTarget@c61329]
2732024 [AWT-EventQueue-0] INFO  ca.sqlpower.architect.swingui.PlayPen  - Drop: I am over dtde=java.awt.dnd.DropTargetDropEvent[source=java.awt.dnd.DropTarget@c61329]
2734507 [AWT-EventQueue-0] INFO  ca.sqlpower.architect.swingui.PlayPen  - Drop: I am over dtde=java.awt.dnd.DropTargetDropEvent[source=java.awt.dnd.DropTarget@c61329]
3037635 [AWT-EventQueue-0] ERROR ca.sqlpower.architect.swingui.KettleDataSourceOptionsPanel  -  The map is: {}
3047245 [AWT-EventQueue-0] ERROR ca.sqlpower.architect.swingui.KettleDataSourceOptionsPanel  -  The map is: {Hostname=, Port=5432, Database=}
3047247 [AWT-EventQueue-0] ERROR ca.sqlpower.architect.swingui.KettleDataSourceOptionsPanel  -  The map is: {Hostname=, Port=5432, Database=}
3149123 [AWT-EventQueue-0] INFO  ca.sqlpower.sql.JDBCDataSource  - Driver Class org.postgresql.Driver loaded without exception
3149625 [AWT-EventQueue-0] INFO  ca.sqlpower.sql.JDBCDataSource  - Driver Class org.postgresql.Driver loaded without exception
3153455 [PokeDB: dw_loja_brinquedos] INFO  ca.sqlpower.sql.JDBCDataSource  - Driver Class org.postgresql.Driver loaded without exception
3537385 [AWT-EventQueue-0] INFO  ca.sqlpower.architect.ddl.GenericDDLGenerator  - endStatement: 
CREATE SEQUENCE dim_avaliacao_sk_avaliacao_seq
3537392 [AWT-EventQueue-0] INFO  ca.sqlpower.architect.ddl.GenericDDLGenerator  - endStatement: 

CREATE TABLE dim_avaliacao (
                sk_avaliacao VARCHAR NOT NULL DEFAULT nextval('dim_avaliacao_sk_avaliacao_seq'),
                nk_avaliacao INTEGER NOT NULL,
                nota INTEGER NOT NULL,
                classificacao VARCHAR(10) NOT NULL,
                CONSTRAINT sk_avaliacao PRIMARY KEY (sk_avaliacao)
)
3537392 [AWT-EventQueue-0] INFO  ca.sqlpower.architect.ddl.GenericDDLGenerator  - endStatement: 


ALTER SEQUENCE dim_avaliacao_sk_avaliacao_seq OWNED BY dim_avaliacao.sk_avaliacao
3537392 [AWT-EventQueue-0] INFO  ca.sqlpower.architect.ddl.GenericDDLGenerator  - endStatement: 

CREATE SEQUENCE dim_cliente_sk_cliente_seq
3537392 [AWT-EventQueue-0] INFO  ca.sqlpower.architect.ddl.GenericDDLGenerator  - endStatement: 

CREATE TABLE dim_cliente (
                sk_cliente INTEGER NOT NULL DEFAULT nextval('dim_cliente_sk_cliente_seq'),
                nk_cliente INTEGER NOT NULL,
                nm_cliente VARCHAR(50) NOT NULL,
                sexo VARCHAR(10) NOT NULL,
                dt_nascimento DATE NOT NULL,
                bairro VARCHAR(50) NOT NULL,
                CONSTRAINT sk_cliente PRIMARY KEY (sk_cliente)
)
3537392 [AWT-EventQueue-0] INFO  ca.sqlpower.architect.ddl.GenericDDLGenerator  - endStatement: 


ALTER SEQUENCE dim_cliente_sk_cliente_seq OWNED BY dim_cliente.sk_cliente
3537393 [AWT-EventQueue-0] INFO  ca.sqlpower.architect.ddl.GenericDDLGenerator  - endStatement: 

CREATE SEQUENCE dim_data_sk_data_seq
3537393 [AWT-EventQueue-0] INFO  ca.sqlpower.architect.ddl.GenericDDLGenerator  - endStatement: 

CREATE TABLE dim_data (
                sk_data INTEGER NOT NULL DEFAULT nextval('dim_data_sk_data_seq'),
                nk_data DATE NOT NULL,
                semana VARCHAR(10) NOT NULL,
                mes NUMERIC NOT NULL,
                ano INTEGER NOT NULL,
                CONSTRAINT sk_data PRIMARY KEY (sk_data)
)
3537393 [AWT-EventQueue-0] INFO  ca.sqlpower.architect.ddl.GenericDDLGenerator  - endStatement: 


ALTER SEQUENCE dim_data_sk_data_seq OWNED BY dim_data.sk_data
3537393 [AWT-EventQueue-0] INFO  ca.sqlpower.architect.ddl.GenericDDLGenerator  - endStatement: 

CREATE SEQUENCE dim_produto_sk_produto_seq
3537394 [AWT-EventQueue-0] INFO  ca.sqlpower.architect.ddl.GenericDDLGenerator  - endStatement: 

CREATE TABLE dim_produto (
                sk_produto INTEGER NOT NULL DEFAULT nextval('dim_produto_sk_produto_seq'),
                nk_produto INTEGER NOT NULL,
                nm_produto VARCHAR NOT NULL,
                vl_produto REAL NOT NULL,
                tp_produto VARCHAR NOT NULL,
                CONSTRAINT sk_produto PRIMARY KEY (sk_produto)
)
3537394 [AWT-EventQueue-0] INFO  ca.sqlpower.architect.ddl.GenericDDLGenerator  - endStatement: 


ALTER SEQUENCE dim_produto_sk_produto_seq OWNED BY dim_produto.sk_produto
3537395 [AWT-EventQueue-0] INFO  ca.sqlpower.architect.ddl.GenericDDLGenerator  - endStatement: 

CREATE TABLE ft_venda (
                sk_produto INTEGER NOT NULL,
                sk_data INTEGER NOT NULL,
                sk_cliente INTEGER NOT NULL,
                sk_avaliacao VARCHAR NOT NULL,
                dd_valor REAL NOT NULL,
                md_desconto VARCHAR NOT NULL,
                md_valor_final REAL NOT NULL
)
3537395 [AWT-EventQueue-0] INFO  ca.sqlpower.architect.ddl.GenericDDLGenerator  - endStatement: 


ALTER TABLE ft_venda ADD CONSTRAINT dim_avaliacao_ft_venda_fk
FOREIGN KEY (sk_avaliacao)
REFERENCES dim_avaliacao (sk_avaliacao)
ON DELETE NO ACTION
ON UPDATE NO ACTION
NOT DEFERRABLE
3537395 [AWT-EventQueue-0] INFO  ca.sqlpower.architect.ddl.GenericDDLGenerator  - endStatement: 

ALTER TABLE ft_venda ADD CONSTRAINT dim_cliente_ft_venda_fk
FOREIGN KEY (sk_cliente)
REFERENCES dim_cliente (sk_cliente)
ON DELETE NO ACTION
ON UPDATE NO ACTION
NOT DEFERRABLE
3537395 [AWT-EventQueue-0] INFO  ca.sqlpower.architect.ddl.GenericDDLGenerator  - endStatement: 

ALTER TABLE ft_venda ADD CONSTRAINT dim_data_ft_venda_fk
FOREIGN KEY (sk_data)
REFERENCES dim_data (sk_data)
ON DELETE NO ACTION
ON UPDATE NO ACTION
NOT DEFERRABLE
3537395 [AWT-EventQueue-0] INFO  ca.sqlpower.architect.ddl.GenericDDLGenerator  - endStatement: 

ALTER TABLE ft_venda ADD CONSTRAINT dim_produto_ft_venda_fk
FOREIGN KEY (sk_produto)
REFERENCES dim_produto (sk_produto)
ON DELETE NO ACTION
ON UPDATE NO ACTION
NOT DEFERRABLE
3537400 [AWT-EventQueue-0] INFO  ca.sqlpower.architect.swingui.SQLScriptDialog  - The list size is :17
12682631 [AWT-EventQueue-0] INFO  ca.sqlpower.architect.swingui.PlayPen  - Drop: I am over dtde=java.awt.dnd.DropTargetDropEvent[source=java.awt.dnd.DropTarget@c61329]
12682647 [Objects-Adder] INFO  ca.sqlpower.architect.swingui.PlayPen  - AddObjectsTask starting on thread Objects-Adder
12682651 [Objects-Adder] INFO  ca.sqlpower.architect.swingui.PlayPen  - AddObjectsTask done
12682672 [AWT-EventQueue-0] ERROR ca.sqlpower.architect.swingui.PlayPen  - Unknown object dropped in PlayPen: classificacao: VARCHAR(10)
12916372 [AWT-EventQueue-0] INFO  ca.sqlpower.architect.swingui.PlayPen  - Drop: I am over dtde=java.awt.dnd.DropTargetDropEvent[source=java.awt.dnd.DropTarget@c61329]
12990878 [AWT-EventQueue-0] INFO  ca.sqlpower.architect.swingui.PlayPen  - Drop: I am over dtde=java.awt.dnd.DropTargetDropEvent[source=java.awt.dnd.DropTarget@c61329]
12992486 [AWT-EventQueue-0] INFO  ca.sqlpower.architect.swingui.PlayPen  - Drop: I am over dtde=java.awt.dnd.DropTargetDropEvent[source=java.awt.dnd.DropTarget@c61329]
17617767 [AWT-EventQueue-0] INFO  ca.sqlpower.architect.swingui.DBTree  - Drag gesture event: java.awt.dnd.DragGestureEvent[source=sun.awt.windows.WMouseDragGestureRecognizer@23dafb]
17617767 [AWT-EventQueue-0] INFO  ca.sqlpower.architect.swingui.DBTree  - DBTree: exporting list of DnD-type tree paths
17618755 [AWT-EventQueue-0] INFO  ca.sqlpower.architect.swingui.PlayPen  - Drop: I am over dtde=java.awt.dnd.DropTargetDropEvent[source=java.awt.dnd.DropTarget@c61329]
17618756 [Objects-Adder] INFO  ca.sqlpower.architect.swingui.PlayPen  - AddObjectsTask starting on thread Objects-Adder
17618978 [Objects-Adder] INFO  ca.sqlpower.architect.swingui.PlayPen  - AddObjectsTask done
17618993 [AWT-EventQueue-0] INFO  ca.sqlpower.architect.swingui.PlayPen  - adding table dim_data (TABLE)
17618995 [AWT-EventQueue-0] INFO  ca.sqlpower.sqlobject.SQLColumn  - Column has type int4
17619003 [AWT-EventQueue-0] INFO  ca.sqlpower.sqlobject.SQLColumn  - Column has type date
17619005 [AWT-EventQueue-0] INFO  ca.sqlpower.sqlobject.SQLColumn  - Column has type varchar
17619007 [AWT-EventQueue-0] INFO  ca.sqlpower.sqlobject.SQLColumn  - Column has type int4
17619010 [AWT-EventQueue-0] INFO  ca.sqlpower.sqlobject.SQLColumn  - Column has type varchar
17619011 [AWT-EventQueue-0] INFO  ca.sqlpower.sqlobject.SQLColumn  - Column has type varchar
17619012 [AWT-EventQueue-0] INFO  ca.sqlpower.sqlobject.SQLColumn  - Column has type int4
17619014 [AWT-EventQueue-0] INFO  ca.sqlpower.sqlobject.SQLColumn  - Column has type varchar
17619019 [AWT-EventQueue-0] INFO  ca.sqlpower.sqlobject.SQLColumn  - Column has type varchar
17619020 [AWT-EventQueue-0] INFO  ca.sqlpower.sqlobject.SQLColumn  - Column has type int4
17619021 [AWT-EventQueue-0] INFO  ca.sqlpower.sqlobject.SQLColumn  - Column has type varchar
17619022 [AWT-EventQueue-0] INFO  ca.sqlpower.sqlobject.SQLColumn  - Column has type int4
17619023 [AWT-EventQueue-0] INFO  ca.sqlpower.sqlobject.SQLColumn  - Column has type int4
17619025 [AWT-EventQueue-0] INFO  ca.sqlpower.sqlobject.SQLColumn  - Column has type varchar
17619026 [AWT-EventQueue-0] INFO  ca.sqlpower.sqlobject.SQLColumn  - Column has type bpchar
17619027 [AWT-EventQueue-0] INFO  ca.sqlpower.sqlobject.SQLColumn  - Column has type bpchar
17619028 [AWT-EventQueue-0] INFO  ca.sqlpower.sqlobject.SQLColumn  - Column has type varchar
17619029 [AWT-EventQueue-0] INFO  ca.sqlpower.sqlobject.SQLColumn  - Column has type timestamp
17619032 [AWT-EventQueue-0] INFO  ca.sqlpower.sqlobject.SQLColumn  - Column has type timestamp
17704213 [AWT-EventQueue-0] INFO  ca.sqlpower.architect.ddl.GenericDDLGenerator  - endStatement: 
CREATE TABLE public.dim_data (
                sk_data INTEGER NOT NULL,
                nk_data DATE NOT NULL,
                desc_data_completa VARCHAR(60) NOT NULL,
                nr_ano INTEGER NOT NULL,
                nm_trimestre VARCHAR(20) NOT NULL,
                nr_ano_trimestre VARCHAR(20) NOT NULL,
                nr_mes INTEGER NOT NULL,
                nm_mes VARCHAR(20) NOT NULL,
                ano_mes VARCHAR(20) NOT NULL,
                nr_semana INTEGER NOT NULL,
                ano_semana VARCHAR(20) NOT NULL,
                nr_dia INTEGER NOT NULL,
                nr_dia_ano INTEGER NOT NULL,
                nm_dia_semana VARCHAR(20) NOT NULL,
                flag_final_semana CHAR(3) NOT NULL,
                flag_feriado CHAR(3) NOT NULL,
                nm_feriado VARCHAR(60) NOT NULL,
                etl_dt_inicio TIMESTAMP NOT NULL,
                etl_dt_fim TIMESTAMP NOT NULL,
                CONSTRAINT sk_data_pk PRIMARY KEY (sk_data)
)
17704213 [AWT-EventQueue-0] INFO  ca.sqlpower.architect.ddl.GenericDDLGenerator  - endStatement: 


CREATE SEQUENCE public.dim_avaliacao_sk_avaliacao_seq
17704214 [AWT-EventQueue-0] INFO  ca.sqlpower.architect.ddl.GenericDDLGenerator  - endStatement: 

CREATE TABLE public.dim_avaliacao (
                sk_avaliacao VARCHAR NOT NULL DEFAULT nextval('public.dim_avaliacao_sk_avaliacao_seq'),
                nk_avaliacao INTEGER NOT NULL,
                nota INTEGER NOT NULL,
                classificacao VARCHAR(10) NOT NULL,
                etl_versao INTEGER NOT NULL,
                etl_dt_inicio DATE NOT NULL,
                etl_dt_fim DATE NOT NULL,
                CONSTRAINT sk_avaliacao PRIMARY KEY (sk_avaliacao)
)
17704214 [AWT-EventQueue-0] INFO  ca.sqlpower.architect.ddl.GenericDDLGenerator  - endStatement: 


ALTER SEQUENCE public.dim_avaliacao_sk_avaliacao_seq OWNED BY public.dim_avaliacao.sk_avaliacao
17704214 [AWT-EventQueue-0] INFO  ca.sqlpower.architect.ddl.GenericDDLGenerator  - endStatement: 

CREATE SEQUENCE public.dim_cliente_sk_cliente_seq
17704215 [AWT-EventQueue-0] INFO  ca.sqlpower.architect.ddl.GenericDDLGenerator  - endStatement: 

CREATE TABLE public.dim_cliente (
                sk_cliente INTEGER NOT NULL DEFAULT nextval('public.dim_cliente_sk_cliente_seq'),
                nk_cliente INTEGER NOT NULL,
                nm_cliente VARCHAR(50) NOT NULL,
                sexo VARCHAR(10) NOT NULL,
                dt_nascimento DATE NOT NULL,
                bairro VARCHAR(50) NOT NULL,
                etl_versao INTEGER NOT NULL,
                etl_dt_inicio DATE NOT NULL,
                etl_dt_fim DATE NOT NULL,
                CONSTRAINT sk_cliente PRIMARY KEY (sk_cliente)
)
17704215 [AWT-EventQueue-0] INFO  ca.sqlpower.architect.ddl.GenericDDLGenerator  - endStatement: 


ALTER SEQUENCE public.dim_cliente_sk_cliente_seq OWNED BY public.dim_cliente.sk_cliente
17704215 [AWT-EventQueue-0] INFO  ca.sqlpower.architect.ddl.GenericDDLGenerator  - endStatement: 

CREATE SEQUENCE public.dim_produto_sk_produto_seq
17704215 [AWT-EventQueue-0] INFO  ca.sqlpower.architect.ddl.GenericDDLGenerator  - endStatement: 

CREATE TABLE public.dim_produto (
                sk_produto INTEGER NOT NULL DEFAULT nextval('public.dim_produto_sk_produto_seq'),
                nk_produto INTEGER NOT NULL,
                nm_produto VARCHAR NOT NULL,
                vl_produto REAL NOT NULL,
                tp_produto VARCHAR NOT NULL,
                etl_versao INTEGER NOT NULL,
                etl_dt_inicio DATE NOT NULL,
                etl_dt_fim DATE NOT NULL,
                CONSTRAINT sk_produto PRIMARY KEY (sk_produto)
)
17704216 [AWT-EventQueue-0] INFO  ca.sqlpower.architect.ddl.GenericDDLGenerator  - endStatement: 


ALTER SEQUENCE public.dim_produto_sk_produto_seq OWNED BY public.dim_produto.sk_produto
17704216 [AWT-EventQueue-0] INFO  ca.sqlpower.architect.ddl.GenericDDLGenerator  - endStatement: 

CREATE TABLE public.ft_venda (
                sk_produto INTEGER NOT NULL,
                sk_cliente INTEGER NOT NULL,
                sk_avaliacao VARCHAR NOT NULL,
                dd_valor REAL NOT NULL,
                md_desconto VARCHAR NOT NULL,
                md_valor_final REAL NOT NULL,
                sk_data INTEGER NOT NULL
)
17704216 [AWT-EventQueue-0] INFO  ca.sqlpower.architect.ddl.GenericDDLGenerator  - endStatement: 


ALTER TABLE public.ft_venda ADD CONSTRAINT dim_data_ft_venda_fk
FOREIGN KEY (sk_data)
REFERENCES public.dim_data (sk_data)
ON DELETE NO ACTION
ON UPDATE NO ACTION
NOT DEFERRABLE
17704216 [AWT-EventQueue-0] INFO  ca.sqlpower.architect.ddl.GenericDDLGenerator  - endStatement: 

ALTER TABLE public.ft_venda ADD CONSTRAINT dim_avaliacao_ft_venda_fk
FOREIGN KEY (sk_avaliacao)
REFERENCES public.dim_avaliacao (sk_avaliacao)
ON DELETE NO ACTION
ON UPDATE NO ACTION
NOT DEFERRABLE
17704217 [AWT-EventQueue-0] INFO  ca.sqlpower.architect.ddl.GenericDDLGenerator  - endStatement: 

ALTER TABLE public.ft_venda ADD CONSTRAINT dim_cliente_ft_venda_fk
FOREIGN KEY (sk_cliente)
REFERENCES public.dim_cliente (sk_cliente)
ON DELETE NO ACTION
ON UPDATE NO ACTION
NOT DEFERRABLE
17704217 [AWT-EventQueue-0] INFO  ca.sqlpower.architect.ddl.GenericDDLGenerator  - endStatement: 

ALTER TABLE public.ft_venda ADD CONSTRAINT dim_produto_ft_venda_fk
FOREIGN KEY (sk_produto)
REFERENCES public.dim_produto (sk_produto)
ON DELETE NO ACTION
ON UPDATE NO ACTION
NOT DEFERRABLE
17704218 [AWT-EventQueue-0] INFO  ca.sqlpower.architect.swingui.SQLScriptDialog  - The list size is :15
17706935 [Thread-7] INFO  ca.sqlpower.sql.JDBCDataSource  - Driver Class org.postgresql.Driver loaded without exception
17707245 [Thread-7] ERROR ca.sqlpower.architect.ddl.ConflictResolver  - Sequence conflicts not supported.
17707247 [Thread-7] ERROR ca.sqlpower.architect.ddl.ConflictResolver  - Sequence conflicts not supported.
17707248 [Thread-7] ERROR ca.sqlpower.architect.ddl.ConflictResolver  - Sequence conflicts not supported.
17707250 [Thread-7] ERROR ca.sqlpower.architect.ddl.ConflictResolver  - Sequence conflicts not supported.
17707250 [Thread-7] ERROR ca.sqlpower.architect.ddl.ConflictResolver  - Sequence conflicts not supported.
17707251 [Thread-7] ERROR ca.sqlpower.architect.ddl.ConflictResolver  - Sequence conflicts not supported.
17707252 [Thread-7] ERROR ca.sqlpower.architect.ddl.ConflictResolver  - Relationship conflicts are not supported yet!
17707252 [Thread-7] ERROR ca.sqlpower.architect.ddl.ConflictResolver  - Relationship conflicts are not supported yet!
17707252 [Thread-7] ERROR ca.sqlpower.architect.ddl.ConflictResolver  - Relationship conflicts are not supported yet!
17707252 [Thread-7] ERROR ca.sqlpower.architect.ddl.ConflictResolver  - Relationship conflicts are not supported yet!
17716698 [Thread-9] INFO  ca.sqlpower.sql.JDBCDataSource  - Driver Class org.postgresql.Driver loaded without exception
17716860 [Thread-9] INFO  ca.sqlpower.architect.swingui.SQLScriptDialog  - Starting DDL Generation at Tue Nov 23 02:44:37 BRT 2021
17716861 [Thread-9] INFO  ca.sqlpower.architect.swingui.SQLScriptDialog  - Database Target: dw_loja_brinquedos
17716861 [Thread-9] INFO  ca.sqlpower.architect.swingui.SQLScriptDialog  - Playpen Dump: dw_loja_brinquedos
17716863 [Thread-9] INFO  ca.sqlpower.architect.swingui.SQLScriptDialog  - executing: 
CREATE TABLE public.dim_data (
                sk_data INTEGER NOT NULL,
                nk_data DATE NOT NULL,
                desc_data_completa VARCHAR(60) NOT NULL,
                nr_ano INTEGER NOT NULL,
                nm_trimestre VARCHAR(20) NOT NULL,
                nr_ano_trimestre VARCHAR(20) NOT NULL,
                nr_mes INTEGER NOT NULL,
                nm_mes VARCHAR(20) NOT NULL,
                ano_mes VARCHAR(20) NOT NULL,
                nr_semana INTEGER NOT NULL,
                ano_semana VARCHAR(20) NOT NULL,
                nr_dia INTEGER NOT NULL,
                nr_dia_ano INTEGER NOT NULL,
                nm_dia_semana VARCHAR(20) NOT NULL,
                flag_final_semana CHAR(3) NOT NULL,
                flag_feriado CHAR(3) NOT NULL,
                nm_feriado VARCHAR(60) NOT NULL,
                etl_dt_inicio TIMESTAMP NOT NULL,
                etl_dt_fim TIMESTAMP NOT NULL,
                CONSTRAINT sk_data_pk PRIMARY KEY (sk_data)
)
17716873 [Thread-9] INFO  ca.sqlpower.architect.swingui.SQLScriptDialog  - sql statement failed: ERROR: relation "dim_data" already exists
17721473 [Thread-9] INFO  ca.sqlpower.architect.swingui.SQLScriptDialog  - executing: 


CREATE SEQUENCE public.dim_avaliacao_sk_avaliacao_seq
17721484 [Thread-9] INFO  ca.sqlpower.architect.swingui.SQLScriptDialog  - executing: 

CREATE TABLE public.dim_avaliacao (
                sk_avaliacao VARCHAR NOT NULL DEFAULT nextval('public.dim_avaliacao_sk_avaliacao_seq'),
                nk_avaliacao INTEGER NOT NULL,
                nota INTEGER NOT NULL,
                classificacao VARCHAR(10) NOT NULL,
                etl_versao INTEGER NOT NULL,
                etl_dt_inicio DATE NOT NULL,
                etl_dt_fim DATE NOT NULL,
                CONSTRAINT sk_avaliacao PRIMARY KEY (sk_avaliacao)
)
17721503 [Thread-9] INFO  ca.sqlpower.architect.swingui.SQLScriptDialog  - executing: 


ALTER SEQUENCE public.dim_avaliacao_sk_avaliacao_seq OWNED BY public.dim_avaliacao.sk_avaliacao
17721506 [Thread-9] INFO  ca.sqlpower.architect.swingui.SQLScriptDialog  - executing: 

CREATE SEQUENCE public.dim_cliente_sk_cliente_seq
17721508 [Thread-9] INFO  ca.sqlpower.architect.swingui.SQLScriptDialog  - executing: 

CREATE TABLE public.dim_cliente (
                sk_cliente INTEGER NOT NULL DEFAULT nextval('public.dim_cliente_sk_cliente_seq'),
                nk_cliente INTEGER NOT NULL,
                nm_cliente VARCHAR(50) NOT NULL,
                sexo VARCHAR(10) NOT NULL,
                dt_nascimento DATE NOT NULL,
                bairro VARCHAR(50) NOT NULL,
                etl_versao INTEGER NOT NULL,
                etl_dt_inicio DATE NOT NULL,
                etl_dt_fim DATE NOT NULL,
                CONSTRAINT sk_cliente PRIMARY KEY (sk_cliente)
)
17721513 [Thread-9] INFO  ca.sqlpower.architect.swingui.SQLScriptDialog  - executing: 


ALTER SEQUENCE public.dim_cliente_sk_cliente_seq OWNED BY public.dim_cliente.sk_cliente
17721515 [Thread-9] INFO  ca.sqlpower.architect.swingui.SQLScriptDialog  - executing: 

CREATE SEQUENCE public.dim_produto_sk_produto_seq
17721518 [Thread-9] INFO  ca.sqlpower.architect.swingui.SQLScriptDialog  - executing: 

CREATE TABLE public.dim_produto (
                sk_produto INTEGER NOT NULL DEFAULT nextval('public.dim_produto_sk_produto_seq'),
                nk_produto INTEGER NOT NULL,
                nm_produto VARCHAR NOT NULL,
                vl_produto REAL NOT NULL,
                tp_produto VARCHAR NOT NULL,
                etl_versao INTEGER NOT NULL,
                etl_dt_inicio DATE NOT NULL,
                etl_dt_fim DATE NOT NULL,
                CONSTRAINT sk_produto PRIMARY KEY (sk_produto)
)
17721528 [Thread-9] INFO  ca.sqlpower.architect.swingui.SQLScriptDialog  - executing: 


ALTER SEQUENCE public.dim_produto_sk_produto_seq OWNED BY public.dim_produto.sk_produto
17721529 [Thread-9] INFO  ca.sqlpower.architect.swingui.SQLScriptDialog  - executing: 

CREATE TABLE public.ft_venda (
                sk_produto INTEGER NOT NULL,
                sk_cliente INTEGER NOT NULL,
                sk_avaliacao VARCHAR NOT NULL,
                dd_valor REAL NOT NULL,
                md_desconto VARCHAR NOT NULL,
                md_valor_final REAL NOT NULL,
                sk_data INTEGER NOT NULL
)
17721535 [Thread-9] INFO  ca.sqlpower.architect.swingui.SQLScriptDialog  - executing: 


ALTER TABLE public.ft_venda ADD CONSTRAINT dim_data_ft_venda_fk
FOREIGN KEY (sk_data)
REFERENCES public.dim_data (sk_data)
ON DELETE NO ACTION
ON UPDATE NO ACTION
NOT DEFERRABLE
17721547 [Thread-9] INFO  ca.sqlpower.architect.swingui.SQLScriptDialog  - executing: 

ALTER TABLE public.ft_venda ADD CONSTRAINT dim_avaliacao_ft_venda_fk
FOREIGN KEY (sk_avaliacao)
REFERENCES public.dim_avaliacao (sk_avaliacao)
ON DELETE NO ACTION
ON UPDATE NO ACTION
NOT DEFERRABLE
17721550 [Thread-9] INFO  ca.sqlpower.architect.swingui.SQLScriptDialog  - executing: 

ALTER TABLE public.ft_venda ADD CONSTRAINT dim_cliente_ft_venda_fk
FOREIGN KEY (sk_cliente)
REFERENCES public.dim_cliente (sk_cliente)
ON DELETE NO ACTION
ON UPDATE NO ACTION
NOT DEFERRABLE
17721554 [Thread-9] INFO  ca.sqlpower.architect.swingui.SQLScriptDialog  - executing: 

ALTER TABLE public.ft_venda ADD CONSTRAINT dim_produto_ft_venda_fk
FOREIGN KEY (sk_produto)
REFERENCES public.dim_produto (sk_produto)
ON DELETE NO ACTION
ON UPDATE NO ACTION
NOT DEFERRABLE
17721558 [Thread-9] INFO  ca.sqlpower.architect.swingui.SQLScriptDialog  - Successfully executed 14 out of 15 statements.
17757493 [AWT-EventQueue-0] INFO  ca.sqlpower.architect.swingui.PlayPen  - Drop: I am over dtde=java.awt.dnd.DropTargetDropEvent[source=java.awt.dnd.DropTarget@c61329]
17815591 [Refresh database worker] INFO  ca.sqlpower.sql.JDBCDataSource  - Driver Class org.postgresql.Driver loaded without exception
